f:\physx-3.4\pxshared\src\compiler\vc14win64\x64\pxfoundation\checked\pswindowssocket.obj
f:\physx-3.4\pxshared\src\compiler\vc14win64\x64\pxfoundation\checked\pstempallocator.obj
f:\physx-3.4\pxshared\src\compiler\vc14win64\x64\pxfoundation\checked\pswindowsfpu.obj
f:\physx-3.4\pxshared\src\compiler\vc14win64\x64\pxfoundation\checked\pswindowstime.obj
f:\physx-3.4\pxshared\src\compiler\vc14win64\x64\pxfoundation\checked\psassert.obj
f:\physx-3.4\pxshared\src\compiler\vc14win64\x64\pxfoundation\checked\psstring.obj
f:\physx-3.4\pxshared\src\compiler\vc14win64\x64\pxfoundation\checked\pswindowssync.obj
f:\physx-3.4\pxshared\src\compiler\vc14win64\x64\pxfoundation\checked\psfoundation.obj
f:\physx-3.4\pxshared\src\compiler\vc14win64\x64\pxfoundation\checked\pswindowsmutex.obj
f:\physx-3.4\pxshared\src\compiler\vc14win64\x64\pxfoundation\checked\pswindowsslist.obj
f:\physx-3.4\pxshared\src\compiler\vc14win64\x64\pxfoundation\checked\psmathutils.obj
f:\physx-3.4\pxshared\src\compiler\vc14win64\x64\pxfoundation\checked\pswindowsatomic.obj
f:\physx-3.4\pxshared\src\compiler\vc14win64\x64\pxfoundation\checked\psallocator.obj
f:\physx-3.4\pxshared\src\compiler\vc14win64\x64\pxfoundation\checked\pswindowsprintstring.obj
f:\physx-3.4\pxshared\src\compiler\vc14win64\x64\pxfoundation\checked\psutilities.obj
f:\physx-3.4\pxshared\src\compiler\vc14win64\x64\pxfoundation\checked\pswindowscpu.obj
f:\physx-3.4\pxshared\src\compiler\vc14win64\x64\pxfoundation\checked\pswindowsthread.obj
f:\physx-3.4\pxshared\bin\vc14win64\pxfoundationchecked_x64.pdb
f:\physx-3.4\pxshared\bin\vc14win64\pxfoundationchecked_x64.ilk
f:\physx-3.4\pxshared\bin\vc14win64\pxfoundationchecked_x64.dll
f:\physx-3.4\pxshared\lib\vc14win64\pxfoundationchecked_x64.lib
f:\physx-3.4\pxshared\lib\vc14win64\pxfoundationchecked_x64.exp
f:\physx-3.4\pxshared\src\compiler\vc14win64\x64\pxfoundation\checked\pxfoundation.res
f:\physx-3.4\pxshared\src\compiler\vc14win64\./../../../bin/vc14win64\pxfoundationchecked_x64.dll
f:\physx-3.4\pxshared\src\compiler\vc14win64\x64\pxfoundation\checked\pxfoundation.tlog\cl.command.1.tlog
f:\physx-3.4\pxshared\src\compiler\vc14win64\x64\pxfoundation\checked\pxfoundation.tlog\cl.read.1.tlog
f:\physx-3.4\pxshared\src\compiler\vc14win64\x64\pxfoundation\checked\pxfoundation.tlog\cl.write.1.tlog
f:\physx-3.4\pxshared\src\compiler\vc14win64\x64\pxfoundation\checked\pxfoundation.tlog\link.command.1.tlog
f:\physx-3.4\pxshared\src\compiler\vc14win64\x64\pxfoundation\checked\pxfoundation.tlog\link.read.1.tlog
f:\physx-3.4\pxshared\src\compiler\vc14win64\x64\pxfoundation\checked\pxfoundation.tlog\link.write.1.tlog
f:\physx-3.4\pxshared\src\compiler\vc14win64\x64\pxfoundation\checked\pxfoundation.tlog\pxfoundation.write.1u.tlog
f:\physx-3.4\pxshared\src\compiler\vc14win64\x64\pxfoundation\checked\pxfoundation.tlog\rc.command.1.tlog
f:\physx-3.4\pxshared\src\compiler\vc14win64\x64\pxfoundation\checked\pxfoundation.tlog\rc.read.1.tlog
f:\physx-3.4\pxshared\src\compiler\vc14win64\x64\pxfoundation\checked\pxfoundation.tlog\rc.write.1.tlog
