  PsWindowsAtomic.cpp
  PsWindowsCpu.cpp
  PsWindowsFPU.cpp
  PsWindowsMutex.cpp
  PsWindowsPrintString.cpp
  PsWindowsSList.cpp
  PsWindowsSocket.cpp
  PsWindowsSync.cpp
  PsWindowsThread.cpp
  PsWindowsTime.cpp
  PsAllocator.cpp
  PsAssert.cpp
  PsFoundation.cpp
  PsMathUtils.cpp
  PsString.cpp
  PsTempAllocator.cpp
  PsUtilities.cpp
     Bibliothek "./../../../lib/vc14win64/PxFoundationCHECKED_x64.lib" und Objekt "./../../../lib/vc14win64/PxFoundationCHECKED_x64.exp" werden erstellt.
  PxFoundation.vcxproj -> F:\PhysX-3.4\PxShared\src\compiler\vc14win64\./../../../bin/vc14win64\PxFoundationCHECKED_x64.dll
  PxFoundation.vcxproj -> F:\PhysX-3.4\PxShared\bin\vc14win64\\PxFoundationCHECKED_x64.pdb (Full PDB)
