f:\physx-3.4\physx_3.4\source\compiler\vc14win64\x64\simulationcontroller\checked\scclothshape.obj
f:\physx-3.4\physx_3.4\source\compiler\vc14win64\x64\simulationcontroller\checked\scarticulationjointsim.obj
f:\physx-3.4\physx_3.4\source\compiler\vc14win64\x64\simulationcontroller\checked\scconstraintsim.obj
f:\physx-3.4\physx_3.4\source\compiler\vc14win64\x64\simulationcontroller\checked\scrigidsim.obj
f:\physx-3.4\physx_3.4\source\compiler\vc14win64\x64\simulationcontroller\checked\scstaticsim.obj
f:\physx-3.4\physx_3.4\source\compiler\vc14win64\x64\simulationcontroller\checked\scparticlepacketshape.obj
f:\physx-3.4\physx_3.4\source\compiler\vc14win64\x64\simulationcontroller\checked\scarticulationjointcore.obj
f:\physx-3.4\physx_3.4\source\compiler\vc14win64\x64\simulationcontroller\checked\scconstraintprojectiontree.obj
f:\physx-3.4\physx_3.4\source\compiler\vc14win64\x64\simulationcontroller\checked\scmetadata.obj
f:\physx-3.4\physx_3.4\source\compiler\vc14win64\x64\simulationcontroller\checked\scshapecore.obj
f:\physx-3.4\physx_3.4\source\compiler\vc14win64\x64\simulationcontroller\checked\scparticlesystemsim.obj
f:\physx-3.4\physx_3.4\source\compiler\vc14win64\x64\simulationcontroller\checked\scbodycore.obj
f:\physx-3.4\physx_3.4\source\compiler\vc14win64\x64\simulationcontroller\checked\scelementinteractionmarker.obj
f:\physx-3.4\physx_3.4\source\compiler\vc14win64\x64\simulationcontroller\checked\scrigidcore.obj
f:\physx-3.4\physx_3.4\source\compiler\vc14win64\x64\simulationcontroller\checked\scstaticcore.obj
f:\physx-3.4\physx_3.4\source\compiler\vc14win64\x64\simulationcontroller\checked\scclothsim.obj
f:\physx-3.4\physx_3.4\source\compiler\vc14win64\x64\simulationcontroller\checked\scbodycorekinematic.obj
f:\physx-3.4\physx_3.4\source\compiler\vc14win64\x64\simulationcontroller\checked\scbodysim.obj
f:\physx-3.4\physx_3.4\source\compiler\vc14win64\x64\simulationcontroller\checked\scinteraction.obj
f:\physx-3.4\physx_3.4\source\compiler\vc14win64\x64\simulationcontroller\checked\scshapeinteraction.obj
f:\physx-3.4\physx_3.4\source\compiler\vc14win64\x64\simulationcontroller\checked\scparticlebodyinteraction.obj
f:\physx-3.4\physx_3.4\source\compiler\vc14win64\x64\simulationcontroller\checked\scarticulationsim.obj
f:\physx-3.4\physx_3.4\source\compiler\vc14win64\x64\simulationcontroller\checked\scelementsim.obj
f:\physx-3.4\physx_3.4\source\compiler\vc14win64\x64\simulationcontroller\checked\scscene.obj
f:\physx-3.4\physx_3.4\source\compiler\vc14win64\x64\simulationcontroller\checked\scclothfabriccore.obj
f:\physx-3.4\physx_3.4\source\compiler\vc14win64\x64\simulationcontroller\checked\scactorcore.obj
f:\physx-3.4\physx_3.4\source\compiler\vc14win64\x64\simulationcontroller\checked\scconstraintcore.obj
f:\physx-3.4\physx_3.4\source\compiler\vc14win64\x64\simulationcontroller\checked\scconstraintprojectionmanager.obj
f:\physx-3.4\physx_3.4\source\compiler\vc14win64\x64\simulationcontroller\checked\scnphasecore.obj
f:\physx-3.4\physx_3.4\source\compiler\vc14win64\x64\simulationcontroller\checked\sctriggerinteraction.obj
f:\physx-3.4\physx_3.4\source\compiler\vc14win64\x64\simulationcontroller\checked\scparticlesystemcore.obj
f:\physx-3.4\physx_3.4\source\compiler\vc14win64\x64\simulationcontroller\checked\scactorsim.obj
f:\physx-3.4\physx_3.4\source\compiler\vc14win64\x64\simulationcontroller\checked\scconstraintinteraction.obj
f:\physx-3.4\physx_3.4\source\compiler\vc14win64\x64\simulationcontroller\checked\scmaterialcore.obj
f:\physx-3.4\physx_3.4\source\compiler\vc14win64\x64\simulationcontroller\checked\scphysics.obj
f:\physx-3.4\physx_3.4\source\compiler\vc14win64\x64\simulationcontroller\checked\scshapesim.obj
f:\physx-3.4\physx_3.4\source\compiler\vc14win64\x64\simulationcontroller\checked\scclothcore.obj
f:\physx-3.4\physx_3.4\source\compiler\vc14win64\x64\simulationcontroller\checked\scarticulationcore.obj
f:\physx-3.4\physx_3.4\source\compiler\vc14win64\x64\simulationcontroller\checked\scconstraintgroupnode.obj
f:\physx-3.4\physx_3.4\source\compiler\vc14win64\x64\simulationcontroller\checked\sciterators.obj
f:\physx-3.4\physx_3.4\source\compiler\vc14win64\x64\simulationcontroller\checked\scsimstats.obj
f:\physx-3.4\physx_3.4\source\compiler\vc14win64\x64\simulationcontroller\checked\scsimulationcontroller.obj
f:\physx-3.4\physx_3.4\source\compiler\vc14win64\x64\simulationcontroller\checked\scsqboundsmanager.obj
f:\physx-3.4\physx_3.4\lib\vc14win64\simulationcontrollerchecked.pdb
f:\physx-3.4\physx_3.4\lib\vc14win64\simulationcontrollerchecked.lib
f:\physx-3.4\physx_3.4\source\compiler\vc14win64\./../../../lib/vc14win64\simulationcontrollerchecked.lib
f:\physx-3.4\physx_3.4\source\compiler\vc14win64\x64\simulationcontroller\checked\simulati.49c560c2.tlog\cl.command.1.tlog
f:\physx-3.4\physx_3.4\source\compiler\vc14win64\x64\simulationcontroller\checked\simulati.49c560c2.tlog\cl.read.1.tlog
f:\physx-3.4\physx_3.4\source\compiler\vc14win64\x64\simulationcontroller\checked\simulati.49c560c2.tlog\cl.write.1.tlog
f:\physx-3.4\physx_3.4\source\compiler\vc14win64\x64\simulationcontroller\checked\simulati.49c560c2.tlog\lib-link.read.1.tlog
f:\physx-3.4\physx_3.4\source\compiler\vc14win64\x64\simulationcontroller\checked\simulati.49c560c2.tlog\lib-link.write.1.tlog
f:\physx-3.4\physx_3.4\source\compiler\vc14win64\x64\simulationcontroller\checked\simulati.49c560c2.tlog\lib.command.1.tlog
