f:\physx-3.4\physx_3.4\source\compiler\vc14win64\x64\lowlevel\checked\pxsccd.obj
f:\physx-3.4\physx_3.4\source\compiler\vc14win64\x64\lowlevel\checked\pxcnpthreadcontext.obj
f:\physx-3.4\physx_3.4\source\compiler\vc14win64\x64\lowlevel\checked\px_globals.obj
f:\physx-3.4\physx_3.4\source\compiler\vc14win64\x64\lowlevel\checked\pxcmaterialmesh.obj
f:\physx-3.4\physx_3.4\source\compiler\vc14win64\x64\lowlevel\checked\pxsislandsim.obj
f:\physx-3.4\physx_3.4\source\compiler\vc14win64\x64\lowlevel\checked\pxccontactcache.obj
f:\physx-3.4\physx_3.4\source\compiler\vc14win64\x64\lowlevel\checked\pxcnpbatch.obj
f:\physx-3.4\physx_3.4\source\compiler\vc14win64\x64\lowlevel\checked\pxsmaterialcombiner.obj
f:\physx-3.4\physx_3.4\source\compiler\vc14win64\x64\lowlevel\checked\pxccontact.obj
f:\physx-3.4\physx_3.4\source\compiler\vc14win64\x64\lowlevel\checked\pxccontactmethodimpl.obj
f:\physx-3.4\physx_3.4\source\compiler\vc14win64\x64\lowlevel\checked\pxcnpcachestreampair.obj
f:\physx-3.4\physx_3.4\source\compiler\vc14win64\x64\lowlevel\checked\pxcnpmemblockpool.obj
f:\physx-3.4\physx_3.4\source\compiler\vc14win64\x64\lowlevel\checked\pxsdefaultmemorymanager.obj
f:\physx-3.4\physx_3.4\source\compiler\vc14win64\x64\lowlevel\checked\pxssimpleislandmanager.obj
f:\physx-3.4\physx_3.4\source\compiler\vc14win64\x64\lowlevel\checked\pxcmaterialmethodimpl.obj
f:\physx-3.4\physx_3.4\source\compiler\vc14win64\x64\lowlevel\checked\pxcmaterialshape.obj
f:\physx-3.4\physx_3.4\source\compiler\vc14win64\x64\lowlevel\checked\pxscontactmanager.obj
f:\physx-3.4\physx_3.4\source\compiler\vc14win64\x64\lowlevel\checked\pxcmaterialheightfield.obj
f:\physx-3.4\physx_3.4\source\compiler\vc14win64\x64\lowlevel\checked\pxsnphaseimplementationcontext.obj
f:\physx-3.4\physx_3.4\source\compiler\vc14win64\x64\lowlevel\checked\pxcnpcontactprepshared.obj
f:\physx-3.4\physx_3.4\source\compiler\vc14win64\x64\lowlevel\checked\pxscontext.obj
f:\physx-3.4\physx_3.4\lib\vc14win64\lowlevelchecked.pdb
f:\physx-3.4\physx_3.4\lib\vc14win64\lowlevelchecked.lib
f:\physx-3.4\physx_3.4\source\compiler\vc14win64\./../../../lib/vc14win64\lowlevelchecked.lib
f:\physx-3.4\physx_3.4\source\compiler\vc14win64\x64\lowlevel\checked\lowlevel.tlog\cl.command.1.tlog
f:\physx-3.4\physx_3.4\source\compiler\vc14win64\x64\lowlevel\checked\lowlevel.tlog\cl.read.1.tlog
f:\physx-3.4\physx_3.4\source\compiler\vc14win64\x64\lowlevel\checked\lowlevel.tlog\cl.write.1.tlog
f:\physx-3.4\physx_3.4\source\compiler\vc14win64\x64\lowlevel\checked\lowlevel.tlog\lib-link.read.1.tlog
f:\physx-3.4\physx_3.4\source\compiler\vc14win64\x64\lowlevel\checked\lowlevel.tlog\lib-link.write.1.tlog
f:\physx-3.4\physx_3.4\source\compiler\vc14win64\x64\lowlevel\checked\lowlevel.tlog\lib.command.1.tlog
