  px_globals.cpp
  PxsCCD.cpp
  PxsContactManager.cpp
  PxsContext.cpp
  PxsDefaultMemoryManager.cpp
  PxsIslandSim.cpp
  PxsMaterialCombiner.cpp
  PxsNphaseImplementationContext.cpp
  PxsSimpleIslandManager.cpp
  PxcContact.cpp
  PxcContactCache.cpp
  PxcContactMethodImpl.cpp
  PxcMaterialHeightField.cpp
  PxcMaterialMesh.cpp
  PxcMaterialMethodImpl.cpp
  PxcMaterialShape.cpp
  PxcNpBatch.cpp
  PxcNpCacheStreamPair.cpp
  PxcNpContactPrepShared.cpp
  PxcNpMemBlockPool.cpp
  PxcNpThreadContext.cpp
  LowLevel.vcxproj -> F:\PhysX-3.4\PhysX_3.4\Source\compiler\vc14win64\./../../../Lib/vc14win64\LowLevelCHECKED.lib
