f:\physx-3.4\physx_3.4\source\compiler\vc14win64\x64\lowlevelcloth\checked\swcollision.obj
f:\physx-3.4\physx_3.4\source\compiler\vc14win64\x64\lowlevelcloth\checked\swclothdata.obj
f:\physx-3.4\physx_3.4\source\compiler\vc14win64\x64\lowlevelcloth\checked\tripletscheduler.obj
f:\physx-3.4\physx_3.4\source\compiler\vc14win64\x64\lowlevelcloth\checked\allocator.obj
f:\physx-3.4\physx_3.4\source\compiler\vc14win64\x64\lowlevelcloth\checked\swselfcollision.obj
f:\physx-3.4\physx_3.4\source\compiler\vc14win64\x64\lowlevelcloth\checked\phaseconfig.obj
f:\physx-3.4\physx_3.4\source\compiler\vc14win64\x64\lowlevelcloth\checked\swintercollision.obj
f:\physx-3.4\physx_3.4\source\compiler\vc14win64\x64\lowlevelcloth\checked\factory.obj
f:\physx-3.4\physx_3.4\source\compiler\vc14win64\x64\lowlevelcloth\checked\swsolver.obj
f:\physx-3.4\physx_3.4\source\compiler\vc14win64\x64\lowlevelcloth\checked\swcloth.obj
f:\physx-3.4\physx_3.4\source\compiler\vc14win64\x64\lowlevelcloth\checked\swfabric.obj
f:\physx-3.4\physx_3.4\source\compiler\vc14win64\x64\lowlevelcloth\checked\swsolverkernel.obj
f:\physx-3.4\physx_3.4\source\compiler\vc14win64\x64\lowlevelcloth\checked\swfactory.obj
f:\physx-3.4\physx_3.4\lib\vc14win64\lowlevelclothchecked.pdb
f:\physx-3.4\physx_3.4\source\compiler\vc14win64\x64\lowlevelcloth\checked\avx\swsolveconstraints.obj
f:\physx-3.4\physx_3.4\lib\vc14win64\lowlevelclothchecked.lib
f:\physx-3.4\physx_3.4\source\compiler\vc14win64\./../../../lib/vc14win64\lowlevelclothchecked.lib
f:\physx-3.4\physx_3.4\source\compiler\vc14win64\x64\lowlevelcloth\checked\lowlevelcloth.tlog\cl.command.1.tlog
f:\physx-3.4\physx_3.4\source\compiler\vc14win64\x64\lowlevelcloth\checked\lowlevelcloth.tlog\cl.read.1.tlog
f:\physx-3.4\physx_3.4\source\compiler\vc14win64\x64\lowlevelcloth\checked\lowlevelcloth.tlog\cl.write.1.tlog
f:\physx-3.4\physx_3.4\source\compiler\vc14win64\x64\lowlevelcloth\checked\lowlevelcloth.tlog\custombuild.command.1.tlog
f:\physx-3.4\physx_3.4\source\compiler\vc14win64\x64\lowlevelcloth\checked\lowlevelcloth.tlog\custombuild.read.1.tlog
f:\physx-3.4\physx_3.4\source\compiler\vc14win64\x64\lowlevelcloth\checked\lowlevelcloth.tlog\custombuild.write.1.tlog
f:\physx-3.4\physx_3.4\source\compiler\vc14win64\x64\lowlevelcloth\checked\lowlevelcloth.tlog\lib-link.read.1.tlog
f:\physx-3.4\physx_3.4\source\compiler\vc14win64\x64\lowlevelcloth\checked\lowlevelcloth.tlog\lib-link.write.1.tlog
f:\physx-3.4\physx_3.4\source\compiler\vc14win64\x64\lowlevelcloth\checked\lowlevelcloth.tlog\lib.command.1.tlog
