  WindowsCookingDelayLoadHook.cpp
  GrbTriangleMeshCooking.cpp
  HeightFieldCooking.cpp
  RTreeCooking.cpp
  TriangleMeshBuilder.cpp
  BigConvexDataBuilder.cpp
  ConvexHullBuilder.cpp
  ConvexHullLib.cpp
  ConvexHullUtils.cpp
  ConvexMeshBuilder.cpp
  ConvexPolygonsBuilder.cpp
  InflationConvexHullLib.cpp
  QuickHullConvexHullLib.cpp
  VolumeIntegration.cpp
  Adjacencies.cpp
  Cooking.cpp
  CookingUtils.cpp
  EdgeList.cpp
  MeshCleaner.cpp
  Quantizer.cpp
     Bibliothek "./../../../Lib/vc14win64/PhysX3CookingCHECKED_x64.lib" und Objekt "./../../../Lib/vc14win64/PhysX3CookingCHECKED_x64.exp" werden erstellt.
  PhysXCooking.vcxproj -> F:\PhysX-3.4\PhysX_3.4\Source\compiler\vc14win64\./../../../bin/vc14win64\PhysX3CookingCHECKED_x64.dll
  PhysXCooking.vcxproj -> F:\PhysX-3.4\PhysX_3.4\bin\vc14win64\\PhysX3CookingCHECKED_x64.pdb (Full PDB)
