f:\physx-3.4\physx_3.4\source\compiler\vc14win64\x64\lowlevelparticles\checked\ptrigidbodyaccessgpu.obj
f:\physx-3.4\physx_3.4\source\compiler\vc14win64\x64\lowlevelparticles\checked\ptdynamics.obj
f:\physx-3.4\physx_3.4\source\compiler\vc14win64\x64\lowlevelparticles\checked\ptcollisionmesh.obj
f:\physx-3.4\physx_3.4\source\compiler\vc14win64\x64\lowlevelparticles\checked\ptspatiallocalhash.obj
f:\physx-3.4\physx_3.4\source\compiler\vc14win64\x64\lowlevelparticles\checked\ptbatcher.obj
f:\physx-3.4\physx_3.4\source\compiler\vc14win64\x64\lowlevelparticles\checked\ptparticleshapecpu.obj
f:\physx-3.4\physx_3.4\source\compiler\vc14win64\x64\lowlevelparticles\checked\ptcollision.obj
f:\physx-3.4\physx_3.4\source\compiler\vc14win64\x64\lowlevelparticles\checked\ptcollisionbox.obj
f:\physx-3.4\physx_3.4\source\compiler\vc14win64\x64\lowlevelparticles\checked\ptcollisionplane.obj
f:\physx-3.4\physx_3.4\source\compiler\vc14win64\x64\lowlevelparticles\checked\ptparticlesystemsimcpu.obj
f:\physx-3.4\physx_3.4\source\compiler\vc14win64\x64\lowlevelparticles\checked\ptbodytransformvault.obj
f:\physx-3.4\physx_3.4\source\compiler\vc14win64\x64\lowlevelparticles\checked\ptparticledata.obj
f:\physx-3.4\physx_3.4\source\compiler\vc14win64\x64\lowlevelparticles\checked\ptcollisioncapsule.obj
f:\physx-3.4\physx_3.4\source\compiler\vc14win64\x64\lowlevelparticles\checked\ptcollisionsphere.obj
f:\physx-3.4\physx_3.4\source\compiler\vc14win64\x64\lowlevelparticles\checked\ptspatialhash.obj
f:\physx-3.4\physx_3.4\source\compiler\vc14win64\x64\lowlevelparticles\checked\ptcollisionconvex.obj
f:\physx-3.4\physx_3.4\source\compiler\vc14win64\x64\lowlevelparticles\checked\ptcontextcpu.obj
f:\physx-3.4\physx_3.4\lib\vc14win64\lowlevelparticleschecked.pdb
f:\physx-3.4\physx_3.4\lib\vc14win64\lowlevelparticleschecked.lib
f:\physx-3.4\physx_3.4\source\compiler\vc14win64\./../../../lib/vc14win64\lowlevelparticleschecked.lib
f:\physx-3.4\physx_3.4\source\compiler\vc14win64\x64\lowlevelparticles\checked\lowlevel.d18eb5f3.tlog\cl.command.1.tlog
f:\physx-3.4\physx_3.4\source\compiler\vc14win64\x64\lowlevelparticles\checked\lowlevel.d18eb5f3.tlog\cl.read.1.tlog
f:\physx-3.4\physx_3.4\source\compiler\vc14win64\x64\lowlevelparticles\checked\lowlevel.d18eb5f3.tlog\cl.write.1.tlog
f:\physx-3.4\physx_3.4\source\compiler\vc14win64\x64\lowlevelparticles\checked\lowlevel.d18eb5f3.tlog\lib-link.read.1.tlog
f:\physx-3.4\physx_3.4\source\compiler\vc14win64\x64\lowlevelparticles\checked\lowlevel.d18eb5f3.tlog\lib-link.write.1.tlog
f:\physx-3.4\physx_3.4\source\compiler\vc14win64\x64\lowlevelparticles\checked\lowlevel.d18eb5f3.tlog\lib.command.1.tlog
