f:\physx-3.4\physx_3.4\source\compiler\vc14win64\x64\physx\checked\pxparticledeviceexclusive.obj
f:\physx-3.4\physx_3.4\source\compiler\vc14win64\x64\physx\checked\scbparticlesystem.obj
f:\physx-3.4\physx_3.4\source\compiler\vc14win64\x64\physx\checked\npactor.obj
f:\physx-3.4\physx_3.4\source\compiler\vc14win64\x64\physx\checked\npmaterial.obj
f:\physx-3.4\physx_3.4\source\compiler\vc14win64\x64\physx\checked\nprigiddynamic.obj
f:\physx-3.4\physx_3.4\source\compiler\vc14win64\x64\physx\checked\npvolumecache.obj
f:\physx-3.4\physx_3.4\source\compiler\vc14win64\x64\physx\checked\pxgpu.obj
f:\physx-3.4\physx_3.4\source\compiler\vc14win64\x64\physx\checked\npparticlefluid.obj
f:\physx-3.4\physx_3.4\source\compiler\vc14win64\x64\physx\checked\scbscene.obj
f:\physx-3.4\physx_3.4\source\compiler\vc14win64\x64\physx\checked\npbatchquery.obj
f:\physx-3.4\physx_3.4\source\compiler\vc14win64\x64\physx\checked\nprigidstatic.obj
f:\physx-3.4\physx_3.4\source\compiler\vc14win64\x64\physx\checked\pvdmetadatapvdbinding.obj
f:\physx-3.4\physx_3.4\source\compiler\vc14win64\x64\physx\checked\npphysicsgpu.obj
f:\physx-3.4\physx_3.4\source\compiler\vc14win64\x64\physx\checked\scbmetadata.obj
f:\physx-3.4\physx_3.4\source\compiler\vc14win64\x64\physx\checked\npaggregate.obj
f:\physx-3.4\physx_3.4\source\compiler\vc14win64\x64\physx\checked\npfactory.obj
f:\physx-3.4\physx_3.4\source\compiler\vc14win64\x64\physx\checked\npspatialindex.obj
f:\physx-3.4\physx_3.4\source\compiler\vc14win64\x64\physx\checked\npwritecheck.obj
f:\physx-3.4\physx_3.4\source\compiler\vc14win64\x64\physx\checked\physxindicatorwindows.obj
f:\physx-3.4\physx_3.4\source\compiler\vc14win64\x64\physx\checked\scbaggregate.obj
f:\physx-3.4\physx_3.4\source\compiler\vc14win64\x64\physx\checked\scbscenepvdclient.obj
f:\physx-3.4\physx_3.4\source\compiler\vc14win64\x64\physx\checked\npmetadata.obj
f:\physx-3.4\physx_3.4\source\compiler\vc14win64\x64\physx\checked\npshape.obj
f:\physx-3.4\physx_3.4\source\compiler\vc14win64\x64\physx\checked\npwindowsdelayloadhook.obj
f:\physx-3.4\physx_3.4\source\compiler\vc14win64\x64\physx\checked\npparticlesystem.obj
f:\physx-3.4\physx_3.4\source\compiler\vc14win64\x64\physx\checked\npcloth.obj
f:\physx-3.4\physx_3.4\source\compiler\vc14win64\x64\physx\checked\nparticulationlink.obj
f:\physx-3.4\physx_3.4\source\compiler\vc14win64\x64\physx\checked\npreadcheck.obj
f:\physx-3.4\physx_3.4\source\compiler\vc14win64\x64\physx\checked\npserializeradapter.obj
f:\physx-3.4\physx_3.4\source\compiler\vc14win64\x64\physx\checked\pxphysxindicatordeviceexclusive.obj
f:\physx-3.4\physx_3.4\source\compiler\vc14win64\x64\physx\checked\scbcloth.obj
f:\physx-3.4\physx_3.4\source\compiler\vc14win64\x64\physx\checked\npclothfabric.obj
f:\physx-3.4\physx_3.4\source\compiler\vc14win64\x64\physx\checked\npimmediatemode.obj
f:\physx-3.4\physx_3.4\source\compiler\vc14win64\x64\physx\checked\npconstraint.obj
f:\physx-3.4\physx_3.4\source\compiler\vc14win64\x64\physx\checked\npscene.obj
f:\physx-3.4\physx_3.4\source\compiler\vc14win64\x64\physx\checked\pxautogeneratedmetadataobjects.obj
f:\physx-3.4\physx_3.4\source\compiler\vc14win64\x64\physx\checked\pxphysxgpumoduleloader.obj
f:\physx-3.4\physx_3.4\source\compiler\vc14win64\x64\physx\checked\scbactor.obj
f:\physx-3.4\physx_3.4\source\compiler\vc14win64\x64\physx\checked\npclothparticledata.obj
f:\physx-3.4\physx_3.4\source\compiler\vc14win64\x64\physx\checked\nparticulationjoint.obj
f:\physx-3.4\physx_3.4\source\compiler\vc14win64\x64\physx\checked\nppvdscenequerycollector.obj
f:\physx-3.4\physx_3.4\source\compiler\vc14win64\x64\physx\checked\npscenequeries.obj
f:\physx-3.4\physx_3.4\source\compiler\vc14win64\x64\physx\checked\pvdphysicsclient.obj
f:\physx-3.4\physx_3.4\source\compiler\vc14win64\x64\physx\checked\pxparticlegpu.obj
f:\physx-3.4\physx_3.4\source\compiler\vc14win64\x64\physx\checked\scbbase.obj
f:\physx-3.4\physx_3.4\source\compiler\vc14win64\x64\physx\checked\scbshape.obj
f:\physx-3.4\physx_3.4\source\compiler\vc14win64\x64\physx\checked\nparticulation.obj
f:\physx-3.4\physx_3.4\source\compiler\vc14win64\x64\physx\checked\npphysics.obj
f:\physx-3.4\physx_3.4\source\compiler\vc14win64\x64\physx\checked\npshapemanager.obj
f:\physx-3.4\physx_3.4\source\compiler\vc14win64\x64\physx\checked\pxmetadataobjects.obj
f:\physx-3.4\physx_3.4\bin\vc14win64\physx3checked_x64.pdb
f:\physx-3.4\physx_3.4\bin\vc14win64\physx3checked_x64.ilk
f:\physx-3.4\physx_3.4\bin\vc14win64\physx3checked_x64.dll
f:\physx-3.4\physx_3.4\bin\vc14win64\physx3checked_x64.map
f:\physx-3.4\physx_3.4\lib\vc14win64\physx3checked_x64.lib
f:\physx-3.4\physx_3.4\lib\vc14win64\physx3checked_x64.exp
f:\physx-3.4\physx_3.4\source\compiler\vc14win64\x64\physx\checked\physx3.res
f:\physx-3.4\physx_3.4\source\compiler\vc14win64\./../../../bin/vc14win64\physx3checked_x64.dll
f:\physx-3.4\physx_3.4\source\compiler\vc14win64\x64\physx\checked\physx.tlog\cl.command.1.tlog
f:\physx-3.4\physx_3.4\source\compiler\vc14win64\x64\physx\checked\physx.tlog\cl.read.1.tlog
f:\physx-3.4\physx_3.4\source\compiler\vc14win64\x64\physx\checked\physx.tlog\cl.write.1.tlog
f:\physx-3.4\physx_3.4\source\compiler\vc14win64\x64\physx\checked\physx.tlog\link.command.1.tlog
f:\physx-3.4\physx_3.4\source\compiler\vc14win64\x64\physx\checked\physx.tlog\link.read.1.tlog
f:\physx-3.4\physx_3.4\source\compiler\vc14win64\x64\physx\checked\physx.tlog\link.write.1.tlog
f:\physx-3.4\physx_3.4\source\compiler\vc14win64\x64\physx\checked\physx.tlog\physx.write.1u.tlog
f:\physx-3.4\physx_3.4\source\compiler\vc14win64\x64\physx\checked\physx.tlog\rc.command.1.tlog
f:\physx-3.4\physx_3.4\source\compiler\vc14win64\x64\physx\checked\physx.tlog\rc.read.1.tlog
f:\physx-3.4\physx_3.4\source\compiler\vc14win64\x64\physx\checked\physx.tlog\rc.write.1.tlog
