f:\physx-3.4\physx_3.4\source\compiler\vc14win64\x64\physxcommon\checked\cmwindowsmoduleupdateloader.obj
f:\physx-3.4\physx_3.4\source\compiler\vc14win64\x64\physxcommon\checked\gucontactcapsulemesh.obj
f:\physx-3.4\physx_3.4\source\compiler\vc14win64\x64\physxcommon\checked\gulegacycontactcapsuleheightfield.obj
f:\physx-3.4\physx_3.4\source\compiler\vc14win64\x64\physxcommon\checked\guhillclimbing.obj
f:\physx-3.4\physx_3.4\source\compiler\vc14win64\x64\physxcommon\checked\gudistancesegmentbox.obj
f:\physx-3.4\physx_3.4\source\compiler\vc14win64\x64\physxcommon\checked\gusweepcapsulecapsule.obj
f:\physx-3.4\physx_3.4\source\compiler\vc14win64\x64\physxcommon\checked\gusweepspheretriangle.obj
f:\physx-3.4\physx_3.4\source\compiler\vc14win64\x64\physxcommon\checked\guintersectionspherebox.obj
f:\physx-3.4\physx_3.4\source\compiler\vc14win64\x64\physxcommon\checked\gubv4_boxoverlap.obj
f:\physx-3.4\physx_3.4\source\compiler\vc14win64\x64\physxcommon\checked\gumeshquery.obj
f:\physx-3.4\physx_3.4\source\compiler\vc14win64\x64\physxcommon\checked\guheightfield.obj
f:\physx-3.4\physx_3.4\source\compiler\vc14win64\x64\physxcommon\checked\gupcmcontactcapsulecapsule.obj
f:\physx-3.4\physx_3.4\source\compiler\vc14win64\x64\physxcommon\checked\gupcmcontactcapsulemesh.obj
f:\physx-3.4\physx_3.4\source\compiler\vc14win64\x64\physxcommon\checked\gupcmcontactplanecapsule.obj
f:\physx-3.4\physx_3.4\source\compiler\vc14win64\x64\physxcommon\checked\gupcmcontactsphereplane.obj
f:\physx-3.4\physx_3.4\source\compiler\vc14win64\x64\physxcommon\checked\guccdsweepconvexmesh.obj
f:\physx-3.4\physx_3.4\source\compiler\vc14win64\x64\physxcommon\checked\gumetadata.obj
f:\physx-3.4\physx_3.4\source\compiler\vc14win64\x64\physxcommon\checked\cmmathutils.obj
f:\physx-3.4\physx_3.4\source\compiler\vc14win64\x64\physxcommon\checked\cmvisualization.obj
f:\physx-3.4\physx_3.4\source\compiler\vc14win64\x64\physxcommon\checked\gucontactconvexmesh.obj
f:\physx-3.4\physx_3.4\source\compiler\vc14win64\x64\physxcommon\checked\gubarycentriccoordinates.obj
f:\physx-3.4\physx_3.4\source\compiler\vc14win64\x64\physxcommon\checked\guconvexhelper.obj
f:\physx-3.4\physx_3.4\source\compiler\vc14win64\x64\physxcommon\checked\gudistancesegmentsegment.obj
f:\physx-3.4\physx_3.4\source\compiler\vc14win64\x64\physxcommon\checked\gusweepcapsulebox.obj
f:\physx-3.4\physx_3.4\source\compiler\vc14win64\x64\physxcommon\checked\guintersectioncapsuletriangle.obj
f:\physx-3.4\physx_3.4\source\compiler\vc14win64\x64\physxcommon\checked\guintersectionedgeedge.obj
f:\physx-3.4\physx_3.4\source\compiler\vc14win64\x64\physxcommon\checked\guintersectionraysphere.obj
f:\physx-3.4\physx_3.4\source\compiler\vc14win64\x64\physxcommon\checked\gubv32build.obj
f:\physx-3.4\physx_3.4\source\compiler\vc14win64\x64\physxcommon\checked\gubv4_sphereoverlap.obj
f:\physx-3.4\physx_3.4\source\compiler\vc14win64\x64\physxcommon\checked\gurtreequeries.obj
f:\physx-3.4\physx_3.4\source\compiler\vc14win64\x64\physxcommon\checked\gutrianglemeshrtree.obj
f:\physx-3.4\physx_3.4\source\compiler\vc14win64\x64\physxcommon\checked\gupcmcontactcapsulebox.obj
f:\physx-3.4\physx_3.4\source\compiler\vc14win64\x64\physxcommon\checked\gupcmcontactconvexcommon.obj
f:\physx-3.4\physx_3.4\source\compiler\vc14win64\x64\physxcommon\checked\gupcmcontactgenspherecapsule.obj
f:\physx-3.4\physx_3.4\source\compiler\vc14win64\x64\physxcommon\checked\gupcmcontactsphereheightfield.obj
f:\physx-3.4\physx_3.4\source\compiler\vc14win64\x64\physxcommon\checked\gubox.obj
f:\physx-3.4\physx_3.4\source\compiler\vc14win64\x64\physxcommon\checked\gumeshfactory.obj
f:\physx-3.4\physx_3.4\source\compiler\vc14win64\x64\physxcommon\checked\cmboxpruning.obj
f:\physx-3.4\physx_3.4\source\compiler\vc14win64\x64\physxcommon\checked\gucontactcapsulecapsule.obj
f:\physx-3.4\physx_3.4\source\compiler\vc14win64\x64\physxcommon\checked\gucontactplaneconvex.obj
f:\physx-3.4\physx_3.4\source\compiler\vc14win64\x64\physxcommon\checked\gufeaturecode.obj
f:\physx-3.4\physx_3.4\source\compiler\vc14win64\x64\physxcommon\checked\gulegacycontactboxheightfield.obj
f:\physx-3.4\physx_3.4\source\compiler\vc14win64\x64\physxcommon\checked\gudistancepointbox.obj
f:\physx-3.4\physx_3.4\source\compiler\vc14win64\x64\physxcommon\checked\gusweepboxtriangle_featurebased.obj
f:\physx-3.4\physx_3.4\source\compiler\vc14win64\x64\physxcommon\checked\gugjksimplex.obj
f:\physx-3.4\physx_3.4\source\compiler\vc14win64\x64\physxcommon\checked\guintersectionraycapsule.obj
f:\physx-3.4\physx_3.4\source\compiler\vc14win64\x64\physxcommon\checked\gubv32.obj
f:\physx-3.4\physx_3.4\source\compiler\vc14win64\x64\physxcommon\checked\gubv4_capsulesweep.obj
f:\physx-3.4\physx_3.4\source\compiler\vc14win64\x64\physxcommon\checked\gurtree.obj
f:\physx-3.4\physx_3.4\source\compiler\vc14win64\x64\physxcommon\checked\gutrianglemeshbv4.obj
f:\physx-3.4\physx_3.4\source\compiler\vc14win64\x64\physxcommon\checked\gupcmcontactboxbox.obj
f:\physx-3.4\physx_3.4\source\compiler\vc14win64\x64\physxcommon\checked\gupcmcontactconvexconvex.obj
f:\physx-3.4\physx_3.4\source\compiler\vc14win64\x64\physxcommon\checked\gupcmcontactspherebox.obj
f:\physx-3.4\physx_3.4\source\compiler\vc14win64\x64\physxcommon\checked\gupcmshapeconvex.obj
f:\physx-3.4\physx_3.4\source\compiler\vc14win64\x64\physxcommon\checked\gubounds.obj
f:\physx-3.4\physx_3.4\source\compiler\vc14win64\x64\physxcommon\checked\guraycasttests.obj
f:\physx-3.4\physx_3.4\source\compiler\vc14win64\x64\physxcommon\checked\cmradixsortbuffered.obj
f:\physx-3.4\physx_3.4\source\compiler\vc14win64\x64\physxcommon\checked\gucontactcapsulebox.obj
f:\physx-3.4\physx_3.4\source\compiler\vc14win64\x64\physxcommon\checked\gucontactplanecapsule.obj
f:\physx-3.4\physx_3.4\source\compiler\vc14win64\x64\physxcommon\checked\gucontactsphereplane.obj
f:\physx-3.4\physx_3.4\source\compiler\vc14win64\x64\physxcommon\checked\guseparatingaxes.obj
f:\physx-3.4\physx_3.4\source\compiler\vc14win64\x64\physxcommon\checked\guconvexmesh.obj
f:\physx-3.4\physx_3.4\source\compiler\vc14win64\x64\physxcommon\checked\gusweepboxsphere.obj
f:\physx-3.4\physx_3.4\source\compiler\vc14win64\x64\physxcommon\checked\guintersectionboxbox.obj
f:\physx-3.4\physx_3.4\source\compiler\vc14win64\x64\physxcommon\checked\guintersectiontrianglebox.obj
f:\physx-3.4\physx_3.4\source\compiler\vc14win64\x64\physxcommon\checked\gubv4_raycast.obj
f:\physx-3.4\physx_3.4\source\compiler\vc14win64\x64\physxcommon\checked\guoverlaptestsmesh.obj
f:\physx-3.4\physx_3.4\source\compiler\vc14win64\x64\physxcommon\checked\guoverlaptestshf.obj
f:\physx-3.4\physx_3.4\source\compiler\vc14win64\x64\physxcommon\checked\gupcmcontactconvexheightfield.obj
f:\physx-3.4\physx_3.4\source\compiler\vc14win64\x64\physxcommon\checked\gupcmcontactspherecapsule.obj
f:\physx-3.4\physx_3.4\source\compiler\vc14win64\x64\physxcommon\checked\gupersistentcontactmanifold.obj
f:\physx-3.4\physx_3.4\source\compiler\vc14win64\x64\physxcommon\checked\gucctsweeptests.obj
f:\physx-3.4\physx_3.4\source\compiler\vc14win64\x64\physxcommon\checked\gumtd.obj
f:\physx-3.4\physx_3.4\source\compiler\vc14win64\x64\physxcommon\checked\cmptrtable.obj
f:\physx-3.4\physx_3.4\source\compiler\vc14win64\x64\physxcommon\checked\gucontactcapsuleconvex.obj
f:\physx-3.4\physx_3.4\source\compiler\vc14win64\x64\physxcommon\checked\gucontactspheremesh.obj
f:\physx-3.4\physx_3.4\source\compiler\vc14win64\x64\physxcommon\checked\guconvexsupporttable.obj
f:\physx-3.4\physx_3.4\source\compiler\vc14win64\x64\physxcommon\checked\gudistancepointtriangle.obj
f:\physx-3.4\physx_3.4\source\compiler\vc14win64\x64\physxcommon\checked\gusweepboxbox.obj
f:\physx-3.4\physx_3.4\source\compiler\vc14win64\x64\physxcommon\checked\gugjktest.obj
f:\physx-3.4\physx_3.4\source\compiler\vc14win64\x64\physxcommon\checked\gubv4_obbsweep.obj
f:\physx-3.4\physx_3.4\source\compiler\vc14win64\x64\physxcommon\checked\gusweepsmesh.obj
f:\physx-3.4\physx_3.4\source\compiler\vc14win64\x64\physxcommon\checked\gupcmcontactcapsuleheightfield.obj
f:\physx-3.4\physx_3.4\source\compiler\vc14win64\x64\physxcommon\checked\gupcmcontactplaneconvex.obj
f:\physx-3.4\physx_3.4\source\compiler\vc14win64\x64\physxcommon\checked\gupcmtrianglecontactgen.obj
f:\physx-3.4\physx_3.4\source\compiler\vc14win64\x64\physxcommon\checked\gugeometryunion.obj
f:\physx-3.4\physx_3.4\source\compiler\vc14win64\x64\physxcommon\checked\gusweepmtd.obj
f:\physx-3.4\physx_3.4\source\compiler\vc14win64\x64\physxcommon\checked\cmcollection.obj
f:\physx-3.4\physx_3.4\source\compiler\vc14win64\x64\physxcommon\checked\gucontactconvexconvex.obj
f:\physx-3.4\physx_3.4\source\compiler\vc14win64\x64\physxcommon\checked\gucontactspherebox.obj
f:\physx-3.4\physx_3.4\source\compiler\vc14win64\x64\physxcommon\checked\gulegacycontactconvexheightfield.obj
f:\physx-3.4\physx_3.4\source\compiler\vc14win64\x64\physxcommon\checked\gudistancesegmenttriangle.obj
f:\physx-3.4\physx_3.4\source\compiler\vc14win64\x64\physxcommon\checked\gusweepcapsuletriangle.obj
f:\physx-3.4\physx_3.4\source\compiler\vc14win64\x64\physxcommon\checked\guintersectionraybox.obj
f:\physx-3.4\physx_3.4\source\compiler\vc14win64\x64\physxcommon\checked\gubv4build.obj
f:\physx-3.4\physx_3.4\source\compiler\vc14win64\x64\physxcommon\checked\gubv4_spheresweep.obj
f:\physx-3.4\physx_3.4\source\compiler\vc14win64\x64\physxcommon\checked\gutrianglemesh.obj
f:\physx-3.4\physx_3.4\source\compiler\vc14win64\x64\physxcommon\checked\gupcmcontactboxconvex.obj
f:\physx-3.4\physx_3.4\source\compiler\vc14win64\x64\physxcommon\checked\gupcmcontactconvexmesh.obj
f:\physx-3.4\physx_3.4\source\compiler\vc14win64\x64\physxcommon\checked\gupcmcontactsphereconvex.obj
f:\physx-3.4\physx_3.4\source\compiler\vc14win64\x64\physxcommon\checked\gucapsule.obj
f:\physx-3.4\physx_3.4\source\compiler\vc14win64\x64\physxcommon\checked\guinternal.obj
f:\physx-3.4\physx_3.4\source\compiler\vc14win64\x64\physxcommon\checked\guoverlaptests.obj
f:\physx-3.4\physx_3.4\source\compiler\vc14win64\x64\physxcommon\checked\cmradixsort.obj
f:\physx-3.4\physx_3.4\source\compiler\vc14win64\x64\physxcommon\checked\cmrenderoutput.obj
f:\physx-3.4\physx_3.4\source\compiler\vc14win64\x64\physxcommon\checked\gucontactplanebox.obj
f:\physx-3.4\physx_3.4\source\compiler\vc14win64\x64\physxcommon\checked\gucontactspherecapsule.obj
f:\physx-3.4\physx_3.4\source\compiler\vc14win64\x64\physxcommon\checked\gulegacycontactsphereheightfield.obj
f:\physx-3.4\physx_3.4\source\compiler\vc14win64\x64\physxcommon\checked\gushapeconvex.obj
f:\physx-3.4\physx_3.4\source\compiler\vc14win64\x64\physxcommon\checked\gusweepboxtriangle_sat.obj
f:\physx-3.4\physx_3.4\source\compiler\vc14win64\x64\physxcommon\checked\guepa.obj
f:\physx-3.4\physx_3.4\source\compiler\vc14win64\x64\physxcommon\checked\gubv4.obj
f:\physx-3.4\physx_3.4\source\compiler\vc14win64\x64\physxcommon\checked\gubv4_capsulesweepaa.obj
f:\physx-3.4\physx_3.4\source\compiler\vc14win64\x64\physxcommon\checked\gumidphasertree.obj
f:\physx-3.4\physx_3.4\source\compiler\vc14win64\x64\physxcommon\checked\gusweepshf.obj
f:\physx-3.4\physx_3.4\source\compiler\vc14win64\x64\physxcommon\checked\gupcmcontactgenboxconvex.obj
f:\physx-3.4\physx_3.4\source\compiler\vc14win64\x64\physxcommon\checked\gupcmcontactspheresphere.obj
f:\physx-3.4\physx_3.4\source\compiler\vc14win64\x64\physxcommon\checked\guccdsweepprimitives.obj
f:\physx-3.4\physx_3.4\source\compiler\vc14win64\x64\physxcommon\checked\gusweeptests.obj
f:\physx-3.4\physx_3.4\source\compiler\vc14win64\x64\physxcommon\checked\cmwindowsdelayloadhook.obj
f:\physx-3.4\physx_3.4\source\compiler\vc14win64\x64\physxcommon\checked\gucontactboxbox.obj
f:\physx-3.4\physx_3.4\source\compiler\vc14win64\x64\physxcommon\checked\gucontactpolygonpolygon.obj
f:\physx-3.4\physx_3.4\source\compiler\vc14win64\x64\physxcommon\checked\gucontactspheresphere.obj
f:\physx-3.4\physx_3.4\source\compiler\vc14win64\x64\physxcommon\checked\gubigconvexdata.obj
f:\physx-3.4\physx_3.4\source\compiler\vc14win64\x64\physxcommon\checked\guconvexutilsinternal.obj
f:\physx-3.4\physx_3.4\source\compiler\vc14win64\x64\physxcommon\checked\gusweepspherecapsule.obj
f:\physx-3.4\physx_3.4\source\compiler\vc14win64\x64\physxcommon\checked\gusweepspheresphere.obj
f:\physx-3.4\physx_3.4\source\compiler\vc14win64\x64\physxcommon\checked\gusweeptriangleutils.obj
f:\physx-3.4\physx_3.4\source\compiler\vc14win64\x64\physxcommon\checked\gubv4_aabbsweep.obj
f:\physx-3.4\physx_3.4\source\compiler\vc14win64\x64\physxcommon\checked\gumidphasebv4.obj
f:\physx-3.4\physx_3.4\source\compiler\vc14win64\x64\physxcommon\checked\guheightfieldutil.obj
f:\physx-3.4\physx_3.4\source\compiler\vc14win64\x64\physxcommon\checked\gupcmcontactcapsuleconvex.obj
f:\physx-3.4\physx_3.4\source\compiler\vc14win64\x64\physxcommon\checked\gupcmcontactplanebox.obj
f:\physx-3.4\physx_3.4\source\compiler\vc14win64\x64\physxcommon\checked\gupcmcontactspheremesh.obj
f:\physx-3.4\physx_3.4\source\compiler\vc14win64\x64\physxcommon\checked\gugeometryquery.obj
f:\physx-3.4\physx_3.4\source\compiler\vc14win64\x64\physxcommon\checked\guserialize.obj
f:\physx-3.4\physx_3.4\source\compiler\vc14win64\x64\physxcommon\checked\gusweepsharedtests.obj
f:\physx-3.4\physx_3.4\bin\vc14win64\physx3commonchecked_x64.pdb
f:\physx-3.4\physx_3.4\bin\vc14win64\physx3commonchecked_x64.ilk
f:\physx-3.4\physx_3.4\bin\vc14win64\physx3commonchecked_x64.dll
f:\physx-3.4\physx_3.4\bin\vc14win64\physx3commonchecked_x64.map
f:\physx-3.4\physx_3.4\lib\vc14win64\physx3commonchecked_x64.lib
f:\physx-3.4\physx_3.4\lib\vc14win64\physx3commonchecked_x64.exp
f:\physx-3.4\physx_3.4\source\compiler\vc14win64\x64\physxcommon\checked\physx3common.res
f:\physx-3.4\physx_3.4\source\compiler\vc14win64\./../../../bin/vc14win64\physx3commonchecked_x64.dll
f:\physx-3.4\physx_3.4\source\compiler\vc14win64\x64\physxcommon\checked\physxcommon.tlog\cl.command.1.tlog
f:\physx-3.4\physx_3.4\source\compiler\vc14win64\x64\physxcommon\checked\physxcommon.tlog\cl.read.1.tlog
f:\physx-3.4\physx_3.4\source\compiler\vc14win64\x64\physxcommon\checked\physxcommon.tlog\cl.write.1.tlog
f:\physx-3.4\physx_3.4\source\compiler\vc14win64\x64\physxcommon\checked\physxcommon.tlog\link.command.1.tlog
f:\physx-3.4\physx_3.4\source\compiler\vc14win64\x64\physxcommon\checked\physxcommon.tlog\link.read.1.tlog
f:\physx-3.4\physx_3.4\source\compiler\vc14win64\x64\physxcommon\checked\physxcommon.tlog\link.write.1.tlog
f:\physx-3.4\physx_3.4\source\compiler\vc14win64\x64\physxcommon\checked\physxcommon.tlog\physxcommon.write.1u.tlog
f:\physx-3.4\physx_3.4\source\compiler\vc14win64\x64\physxcommon\checked\physxcommon.tlog\rc.command.1.tlog
f:\physx-3.4\physx_3.4\source\compiler\vc14win64\x64\physxcommon\checked\physxcommon.tlog\rc.read.1.tlog
f:\physx-3.4\physx_3.4\source\compiler\vc14win64\x64\physxcommon\checked\physxcommon.tlog\rc.write.1.tlog
