  DyArticulation.cpp
  DyArticulationContactPrep.cpp
  DyArticulationContactPrepPF.cpp
  DyArticulationHelper.cpp
  DyArticulationScalar.cpp
  DyArticulationSIMD.cpp
  DyConstraintPartition.cpp
  DyConstraintSetup.cpp
  DyConstraintSetupBlock.cpp
  DyContactPrep.cpp
  DyContactPrep4.cpp
  DyContactPrep4PF.cpp
  DyContactPrepPF.cpp
  DyDynamics.cpp
  DyFrictionCorrelation.cpp
  DyRigidBodyToSolverBody.cpp
  DySolverConstraints.cpp
  DySolverConstraintsBlock.cpp
  DySolverControl.cpp
  DySolverControlPF.cpp
  DySolverPFConstraints.cpp
  DySolverPFConstraintsBlock.cpp
  DyThreadContext.cpp
  DyThresholdTable.cpp
  LowLevelDynamics.vcxproj -> F:\PhysX-3.4\PhysX_3.4\Source\compiler\vc14win64\./../../../Lib/vc14win64\LowLevelDynamicsCHECKED.lib
