f:\physx-3.4\physx_3.4\source\compiler\vc14win64\x64\lowleveldynamics\checked\dyarticulationhelper.obj
f:\physx-3.4\physx_3.4\source\compiler\vc14win64\x64\lowleveldynamics\checked\dydynamics.obj
f:\physx-3.4\physx_3.4\source\compiler\vc14win64\x64\lowleveldynamics\checked\dyarticulationscalar.obj
f:\physx-3.4\physx_3.4\source\compiler\vc14win64\x64\lowleveldynamics\checked\dycontactprep.obj
f:\physx-3.4\physx_3.4\source\compiler\vc14win64\x64\lowleveldynamics\checked\dysolverpfconstraints.obj
f:\physx-3.4\physx_3.4\source\compiler\vc14win64\x64\lowleveldynamics\checked\dyarticulationcontactprep.obj
f:\physx-3.4\physx_3.4\source\compiler\vc14win64\x64\lowleveldynamics\checked\dycontactpreppf.obj
f:\physx-3.4\physx_3.4\source\compiler\vc14win64\x64\lowleveldynamics\checked\dysolverpfconstraintsblock.obj
f:\physx-3.4\physx_3.4\source\compiler\vc14win64\x64\lowleveldynamics\checked\dyarticulationcontactpreppf.obj
f:\physx-3.4\physx_3.4\source\compiler\vc14win64\x64\lowleveldynamics\checked\dycontactprep4pf.obj
f:\physx-3.4\physx_3.4\source\compiler\vc14win64\x64\lowleveldynamics\checked\dythresholdtable.obj
f:\physx-3.4\physx_3.4\source\compiler\vc14win64\x64\lowleveldynamics\checked\dyconstraintpartition.obj
f:\physx-3.4\physx_3.4\source\compiler\vc14win64\x64\lowleveldynamics\checked\dyrigidbodytosolverbody.obj
f:\physx-3.4\physx_3.4\source\compiler\vc14win64\x64\lowleveldynamics\checked\dysolvercontrol.obj
f:\physx-3.4\physx_3.4\source\compiler\vc14win64\x64\lowleveldynamics\checked\dyarticulation.obj
f:\physx-3.4\physx_3.4\source\compiler\vc14win64\x64\lowleveldynamics\checked\dysolverconstraints.obj
f:\physx-3.4\physx_3.4\source\compiler\vc14win64\x64\lowleveldynamics\checked\dysolvercontrolpf.obj
f:\physx-3.4\physx_3.4\source\compiler\vc14win64\x64\lowleveldynamics\checked\dyconstraintsetup.obj
f:\physx-3.4\physx_3.4\source\compiler\vc14win64\x64\lowleveldynamics\checked\dycontactprep4.obj
f:\physx-3.4\physx_3.4\source\compiler\vc14win64\x64\lowleveldynamics\checked\dyarticulationsimd.obj
f:\physx-3.4\physx_3.4\source\compiler\vc14win64\x64\lowleveldynamics\checked\dyconstraintsetupblock.obj
f:\physx-3.4\physx_3.4\source\compiler\vc14win64\x64\lowleveldynamics\checked\dyfrictioncorrelation.obj
f:\physx-3.4\physx_3.4\source\compiler\vc14win64\x64\lowleveldynamics\checked\dysolverconstraintsblock.obj
f:\physx-3.4\physx_3.4\source\compiler\vc14win64\x64\lowleveldynamics\checked\dythreadcontext.obj
f:\physx-3.4\physx_3.4\lib\vc14win64\lowleveldynamicschecked.pdb
f:\physx-3.4\physx_3.4\lib\vc14win64\lowleveldynamicschecked.lib
f:\physx-3.4\physx_3.4\source\compiler\vc14win64\./../../../lib/vc14win64\lowleveldynamicschecked.lib
f:\physx-3.4\physx_3.4\source\compiler\vc14win64\x64\lowleveldynamics\checked\lowleveldynamics.tlog\cl.command.1.tlog
f:\physx-3.4\physx_3.4\source\compiler\vc14win64\x64\lowleveldynamics\checked\lowleveldynamics.tlog\cl.read.1.tlog
f:\physx-3.4\physx_3.4\source\compiler\vc14win64\x64\lowleveldynamics\checked\lowleveldynamics.tlog\cl.write.1.tlog
f:\physx-3.4\physx_3.4\source\compiler\vc14win64\x64\lowleveldynamics\checked\lowleveldynamics.tlog\lib-link.read.1.tlog
f:\physx-3.4\physx_3.4\source\compiler\vc14win64\x64\lowleveldynamics\checked\lowleveldynamics.tlog\lib-link.write.1.tlog
f:\physx-3.4\physx_3.4\source\compiler\vc14win64\x64\lowleveldynamics\checked\lowleveldynamics.tlog\lib.command.1.tlog
