f:\physx-3.4\pxshared\src\compiler\vc14win64\x64\pxpvdsdk\checked\pxpvddatastream.obj
f:\physx-3.4\pxshared\src\compiler\vc14win64\x64\pxpvdsdk\checked\pxpvddefaultsockettransport.obj
f:\physx-3.4\pxshared\src\compiler\vc14win64\x64\pxpvdsdk\checked\pxpvdobjectregistrar.obj
f:\physx-3.4\pxshared\src\compiler\vc14win64\x64\pxpvdsdk\checked\pxpvduserrenderer.obj
f:\physx-3.4\pxshared\src\compiler\vc14win64\x64\pxpvdsdk\checked\pxpvdimpl.obj
f:\physx-3.4\pxshared\src\compiler\vc14win64\x64\pxpvdsdk\checked\pxpvddefaultfiletransport.obj
f:\physx-3.4\pxshared\src\compiler\vc14win64\x64\pxpvdsdk\checked\pxpvdprofilezoneclient.obj
f:\physx-3.4\pxshared\src\compiler\vc14win64\x64\pxpvdsdk\checked\pxpvdmemclient.obj
f:\physx-3.4\pxshared\src\compiler\vc14win64\x64\pxpvdsdk\checked\pxpvd.obj
f:\physx-3.4\pxshared\src\compiler\vc14win64\x64\pxpvdsdk\checked\pxwindowspvddelayloadhook.obj
f:\physx-3.4\pxshared\src\compiler\vc14win64\x64\pxpvdsdk\checked\pxpvdobjectmodelmetadata.obj
f:\physx-3.4\pxshared\src\compiler\vc14win64\x64\pxpvdsdk\checked\pxprofileeventimpl.obj
f:\physx-3.4\pxshared\bin\vc14win64\pxpvdsdkchecked_x64.pdb
f:\physx-3.4\pxshared\bin\vc14win64\pxpvdsdkchecked_x64.ilk
f:\physx-3.4\pxshared\bin\vc14win64\pxpvdsdkchecked_x64.dll
f:\physx-3.4\pxshared\lib\vc14win64\pxpvdsdkchecked_x64.lib
f:\physx-3.4\pxshared\lib\vc14win64\pxpvdsdkchecked_x64.exp
f:\physx-3.4\pxshared\src\compiler\vc14win64\x64\pxpvdsdk\checked\pxpvdsdk.res
f:\physx-3.4\pxshared\src\compiler\vc14win64\./../../../bin/vc14win64\pxpvdsdkchecked_x64.dll
f:\physx-3.4\pxshared\src\compiler\vc14win64\x64\pxpvdsdk\checked\pxpvdsdk.tlog\cl.command.1.tlog
f:\physx-3.4\pxshared\src\compiler\vc14win64\x64\pxpvdsdk\checked\pxpvdsdk.tlog\cl.read.1.tlog
f:\physx-3.4\pxshared\src\compiler\vc14win64\x64\pxpvdsdk\checked\pxpvdsdk.tlog\cl.write.1.tlog
f:\physx-3.4\pxshared\src\compiler\vc14win64\x64\pxpvdsdk\checked\pxpvdsdk.tlog\link.command.1.tlog
f:\physx-3.4\pxshared\src\compiler\vc14win64\x64\pxpvdsdk\checked\pxpvdsdk.tlog\link.read.1.tlog
f:\physx-3.4\pxshared\src\compiler\vc14win64\x64\pxpvdsdk\checked\pxpvdsdk.tlog\link.write.1.tlog
f:\physx-3.4\pxshared\src\compiler\vc14win64\x64\pxpvdsdk\checked\pxpvdsdk.tlog\pxpvdsdk.write.1u.tlog
f:\physx-3.4\pxshared\src\compiler\vc14win64\x64\pxpvdsdk\checked\pxpvdsdk.tlog\rc.command.1.tlog
f:\physx-3.4\pxshared\src\compiler\vc14win64\x64\pxpvdsdk\checked\pxpvdsdk.tlog\rc.read.1.tlog
f:\physx-3.4\pxshared\src\compiler\vc14win64\x64\pxpvdsdk\checked\pxpvdsdk.tlog\rc.write.1.tlog
